2018-10-14T17:00:49+00:00 INFO Queuing 3.1.0 - wc_update_310_downloadable_products
2018-10-14T17:00:49+00:00 INFO Queuing 3.1.0 - wc_update_310_old_comments
2018-10-14T17:00:49+00:00 INFO Queuing 3.1.0 - wc_update_310_db_version
2018-10-14T17:00:49+00:00 INFO Queuing 3.1.2 - wc_update_312_shop_manager_capabilities
2018-10-14T17:00:49+00:00 INFO Queuing 3.1.2 - wc_update_312_db_version
2018-10-14T17:00:49+00:00 INFO Queuing 3.2.0 - wc_update_320_mexican_states
2018-10-14T17:00:49+00:00 INFO Queuing 3.2.0 - wc_update_320_db_version
2018-10-14T17:00:49+00:00 INFO Queuing 3.3.0 - wc_update_330_image_options
2018-10-14T17:00:49+00:00 INFO Queuing 3.3.0 - wc_update_330_webhooks
2018-10-14T17:00:49+00:00 INFO Queuing 3.3.0 - wc_update_330_product_stock_status
2018-10-14T17:00:49+00:00 INFO Queuing 3.3.0 - wc_update_330_set_default_product_cat
2018-10-14T17:00:49+00:00 INFO Queuing 3.3.0 - wc_update_330_clear_transients
2018-10-14T17:00:49+00:00 INFO Queuing 3.3.0 - wc_update_330_set_paypal_sandbox_credentials
2018-10-14T17:00:49+00:00 INFO Queuing 3.3.0 - wc_update_330_db_version
2018-10-14T17:00:49+00:00 INFO Queuing 3.4.0 - wc_update_340_states
2018-10-14T17:00:49+00:00 INFO Queuing 3.4.0 - wc_update_340_state
2018-10-14T17:00:49+00:00 INFO Queuing 3.4.0 - wc_update_340_last_active
2018-10-14T17:00:49+00:00 INFO Queuing 3.4.0 - wc_update_340_db_version
2018-10-14T17:00:49+00:00 INFO Queuing 3.4.3 - wc_update_343_cleanup_foreign_keys
2018-10-14T17:00:49+00:00 INFO Queuing 3.4.3 - wc_update_343_db_version
2018-10-14T17:00:50+00:00 INFO Running wc_update_310_downloadable_products callback
2018-10-14T17:00:50+00:00 INFO Finished running wc_update_310_downloadable_products callback
2018-10-14T17:00:50+00:00 INFO Running wc_update_310_old_comments callback
2018-10-14T17:00:50+00:00 INFO Finished running wc_update_310_old_comments callback
2018-10-14T17:00:50+00:00 INFO Running wc_update_310_db_version callback
2018-10-14T17:00:50+00:00 INFO Finished running wc_update_310_db_version callback
2018-10-14T17:00:50+00:00 INFO Running wc_update_312_shop_manager_capabilities callback
2018-10-14T17:00:50+00:00 INFO Finished running wc_update_312_shop_manager_capabilities callback
2018-10-14T17:00:50+00:00 INFO Running wc_update_312_db_version callback
2018-10-14T17:00:50+00:00 INFO Finished running wc_update_312_db_version callback
2018-10-14T17:00:50+00:00 INFO Running wc_update_320_mexican_states callback
2018-10-14T17:00:50+00:00 INFO Finished running wc_update_320_mexican_states callback
2018-10-14T17:00:50+00:00 INFO Running wc_update_320_db_version callback
2018-10-14T17:00:50+00:00 INFO Finished running wc_update_320_db_version callback
2018-10-14T17:00:50+00:00 INFO Running wc_update_330_image_options callback
2018-10-14T17:00:50+00:00 INFO Finished running wc_update_330_image_options callback
2018-10-14T17:00:50+00:00 INFO Running wc_update_330_webhooks callback
2018-10-14T17:00:50+00:00 INFO Finished running wc_update_330_webhooks callback
2018-10-14T17:00:50+00:00 INFO Running wc_update_330_product_stock_status callback
2018-10-14T17:00:50+00:00 INFO Finished running wc_update_330_product_stock_status callback
2018-10-14T17:00:50+00:00 INFO Running wc_update_330_set_default_product_cat callback
2018-10-14T17:00:51+00:00 INFO Finished running wc_update_330_set_default_product_cat callback
2018-10-14T17:00:51+00:00 INFO Running wc_update_330_clear_transients callback
2018-10-14T17:00:51+00:00 INFO Finished running wc_update_330_clear_transients callback
2018-10-14T17:00:51+00:00 INFO Running wc_update_330_set_paypal_sandbox_credentials callback
2018-10-14T17:00:51+00:00 INFO Finished running wc_update_330_set_paypal_sandbox_credentials callback
2018-10-14T17:00:51+00:00 INFO Running wc_update_330_db_version callback
2018-10-14T17:00:51+00:00 INFO Finished running wc_update_330_db_version callback
2018-10-14T17:00:51+00:00 INFO Running wc_update_340_states callback
2018-10-14T17:00:51+00:00 INFO Finished running wc_update_340_states callback
2018-10-14T17:00:51+00:00 INFO Running wc_update_340_state callback
2018-10-14T17:00:51+00:00 INFO wc_update_340_state callback needs to run again
2018-10-14T17:00:51+00:00 INFO Running wc_update_340_last_active callback
2018-10-14T17:00:51+00:00 INFO Finished running wc_update_340_last_active callback
2018-10-14T17:00:51+00:00 INFO Running wc_update_340_db_version callback
2018-10-14T17:00:51+00:00 INFO Finished running wc_update_340_db_version callback
2018-10-14T17:00:51+00:00 INFO Running wc_update_343_cleanup_foreign_keys callback
2018-10-14T17:00:51+00:00 INFO Finished running wc_update_343_cleanup_foreign_keys callback
2018-10-14T17:00:51+00:00 INFO Running wc_update_343_db_version callback
2018-10-14T17:00:51+00:00 INFO Finished running wc_update_343_db_version callback
2018-10-14T17:00:51+00:00 INFO Running wc_update_340_state callback
2018-10-14T17:00:51+00:00 INFO wc_update_340_state callback needs to run again
2018-10-14T17:00:51+00:00 INFO Running wc_update_340_state callback
2018-10-14T17:00:51+00:00 INFO wc_update_340_state callback needs to run again
2018-10-14T17:00:51+00:00 INFO Running wc_update_340_state callback
2018-10-14T17:00:51+00:00 INFO wc_update_340_state callback needs to run again
2018-10-14T17:00:51+00:00 INFO Running wc_update_340_state callback
2018-10-14T17:00:51+00:00 INFO wc_update_340_state callback needs to run again
2018-10-14T17:00:51+00:00 INFO Running wc_update_340_state callback
2018-10-14T17:00:51+00:00 INFO wc_update_340_state callback needs to run again
2018-10-14T17:00:51+00:00 INFO Running wc_update_340_state callback
2018-10-14T17:00:51+00:00 INFO wc_update_340_state callback needs to run again
2018-10-14T17:00:51+00:00 INFO Running wc_update_340_state callback
2018-10-14T17:00:51+00:00 INFO wc_update_340_state callback needs to run again
2018-10-14T17:00:51+00:00 INFO Running wc_update_340_state callback
2018-10-14T17:00:51+00:00 INFO wc_update_340_state callback needs to run again
2018-10-14T17:00:51+00:00 INFO Running wc_update_340_state callback
2018-10-14T17:00:52+00:00 INFO wc_update_340_state callback needs to run again
2018-10-14T17:00:52+00:00 INFO Running wc_update_340_state callback
2018-10-14T17:00:52+00:00 INFO wc_update_340_state callback needs to run again
2018-10-14T17:00:52+00:00 INFO Running wc_update_340_state callback
2018-10-14T17:00:52+00:00 INFO wc_update_340_state callback needs to run again
2018-10-14T17:00:52+00:00 INFO Running wc_update_340_state callback
2018-10-14T17:00:52+00:00 INFO wc_update_340_state callback needs to run again
2018-10-14T17:00:52+00:00 INFO Running wc_update_340_state callback
2018-10-14T17:00:52+00:00 INFO wc_update_340_state callback needs to run again
2018-10-14T17:00:52+00:00 INFO Running wc_update_340_state callback
2018-10-14T17:00:52+00:00 INFO wc_update_340_state callback needs to run again
2018-10-14T17:00:52+00:00 INFO Running wc_update_340_state callback
2018-10-14T17:00:52+00:00 INFO wc_update_340_state callback needs to run again
2018-10-14T17:00:52+00:00 INFO Running wc_update_340_state callback
2018-10-14T17:00:52+00:00 INFO wc_update_340_state callback needs to run again
2018-10-14T17:00:52+00:00 INFO Running wc_update_340_state callback
2018-10-14T17:00:52+00:00 INFO wc_update_340_state callback needs to run again
2018-10-14T17:00:52+00:00 INFO Running wc_update_340_state callback
2018-10-14T17:00:52+00:00 INFO wc_update_340_state callback needs to run again
2018-10-14T17:00:52+00:00 INFO Running wc_update_340_state callback
2018-10-14T17:00:52+00:00 INFO wc_update_340_state callback needs to run again
2018-10-14T17:00:52+00:00 INFO Running wc_update_340_state callback
2018-10-14T17:00:52+00:00 INFO wc_update_340_state callback needs to run again
2018-10-14T17:00:52+00:00 INFO Running wc_update_340_state callback
2018-10-14T17:00:52+00:00 INFO wc_update_340_state callback needs to run again
2018-10-14T17:00:52+00:00 INFO Running wc_update_340_state callback
2018-10-14T17:00:52+00:00 INFO wc_update_340_state callback needs to run again
2018-10-14T17:00:52+00:00 INFO Running wc_update_340_state callback
2018-10-14T17:00:52+00:00 INFO wc_update_340_state callback needs to run again
2018-10-14T17:00:52+00:00 INFO Running wc_update_340_state callback
2018-10-14T17:00:52+00:00 INFO wc_update_340_state callback needs to run again
2018-10-14T17:00:52+00:00 INFO Running wc_update_340_state callback
2018-10-14T17:00:52+00:00 INFO wc_update_340_state callback needs to run again
2018-10-14T17:00:52+00:00 INFO Running wc_update_340_state callback
2018-10-14T17:00:52+00:00 INFO wc_update_340_state callback needs to run again
2018-10-14T17:00:52+00:00 INFO Running wc_update_340_state callback
2018-10-14T17:00:52+00:00 INFO wc_update_340_state callback needs to run again
2018-10-14T17:00:52+00:00 INFO Running wc_update_340_state callback
2018-10-14T17:00:52+00:00 INFO wc_update_340_state callback needs to run again
2018-10-14T17:00:52+00:00 INFO Running wc_update_340_state callback
2018-10-14T17:00:52+00:00 INFO wc_update_340_state callback needs to run again
2018-10-14T17:00:52+00:00 INFO Running wc_update_340_state callback
2018-10-14T17:00:52+00:00 INFO wc_update_340_state callback needs to run again
2018-10-14T17:00:52+00:00 INFO Running wc_update_340_state callback
2018-10-14T17:00:52+00:00 INFO wc_update_340_state callback needs to run again
2018-10-14T17:00:52+00:00 INFO Running wc_update_340_state callback
2018-10-14T17:00:52+00:00 INFO wc_update_340_state callback needs to run again
2018-10-14T17:00:52+00:00 INFO Running wc_update_340_state callback
2018-10-14T17:00:52+00:00 INFO wc_update_340_state callback needs to run again
2018-10-14T17:00:52+00:00 INFO Running wc_update_340_state callback
2018-10-14T17:00:52+00:00 INFO wc_update_340_state callback needs to run again
2018-10-14T17:00:52+00:00 INFO Running wc_update_340_state callback
2018-10-14T17:00:53+00:00 INFO wc_update_340_state callback needs to run again
2018-10-14T17:00:53+00:00 INFO Running wc_update_340_state callback
2018-10-14T17:00:53+00:00 INFO wc_update_340_state callback needs to run again
2018-10-14T17:00:53+00:00 INFO Running wc_update_340_state callback
2018-10-14T17:00:53+00:00 INFO wc_update_340_state callback needs to run again
2018-10-14T17:00:53+00:00 INFO Running wc_update_340_state callback
2018-10-14T17:00:53+00:00 INFO wc_update_340_state callback needs to run again
2018-10-14T17:00:53+00:00 INFO Running wc_update_340_state callback
2018-10-14T17:00:53+00:00 INFO wc_update_340_state callback needs to run again
2018-10-14T17:00:53+00:00 INFO Running wc_update_340_state callback
2018-10-14T17:00:53+00:00 INFO wc_update_340_state callback needs to run again
2018-10-14T17:00:53+00:00 INFO Running wc_update_340_state callback
2018-10-14T17:00:53+00:00 INFO wc_update_340_state callback needs to run again
2018-10-14T17:00:53+00:00 INFO Running wc_update_340_state callback
2018-10-14T17:00:53+00:00 INFO wc_update_340_state callback needs to run again
2018-10-14T17:00:53+00:00 INFO Running wc_update_340_state callback
2018-10-14T17:00:53+00:00 INFO wc_update_340_state callback needs to run again
2018-10-14T17:00:53+00:00 INFO Running wc_update_340_state callback
2018-10-14T17:00:53+00:00 INFO wc_update_340_state callback needs to run again
2018-10-14T17:00:53+00:00 INFO Running wc_update_340_state callback
2018-10-14T17:00:53+00:00 INFO wc_update_340_state callback needs to run again
2018-10-14T17:00:53+00:00 INFO Running wc_update_340_state callback
2018-10-14T17:00:53+00:00 INFO wc_update_340_state callback needs to run again
2018-10-14T17:00:53+00:00 INFO Running wc_update_340_state callback
2018-10-14T17:00:53+00:00 INFO wc_update_340_state callback needs to run again
2018-10-14T17:00:53+00:00 INFO Running wc_update_340_state callback
2018-10-14T17:00:53+00:00 INFO wc_update_340_state callback needs to run again
2018-10-14T17:00:53+00:00 INFO Running wc_update_340_state callback
2018-10-14T17:00:53+00:00 INFO wc_update_340_state callback needs to run again
2018-10-14T17:00:53+00:00 INFO Running wc_update_340_state callback
2018-10-14T17:00:53+00:00 INFO wc_update_340_state callback needs to run again
2018-10-14T17:00:53+00:00 INFO Running wc_update_340_state callback
2018-10-14T17:00:53+00:00 INFO wc_update_340_state callback needs to run again
2018-10-14T17:00:53+00:00 INFO Running wc_update_340_state callback
2018-10-14T17:00:53+00:00 INFO wc_update_340_state callback needs to run again
2018-10-14T17:00:53+00:00 INFO Running wc_update_340_state callback
2018-10-14T17:00:53+00:00 INFO wc_update_340_state callback needs to run again
2018-10-14T17:00:53+00:00 INFO Running wc_update_340_state callback
2018-10-14T17:00:53+00:00 INFO wc_update_340_state callback needs to run again
2018-10-14T17:00:53+00:00 INFO Running wc_update_340_state callback
2018-10-14T17:00:54+00:00 INFO wc_update_340_state callback needs to run again
2018-10-14T17:00:54+00:00 INFO Running wc_update_340_state callback
2018-10-14T17:00:54+00:00 INFO wc_update_340_state callback needs to run again
2018-10-14T17:00:54+00:00 INFO Running wc_update_340_state callback
2018-10-14T17:00:54+00:00 INFO wc_update_340_state callback needs to run again
2018-10-14T17:00:54+00:00 INFO Running wc_update_340_state callback
2018-10-14T17:00:54+00:00 INFO wc_update_340_state callback needs to run again
2018-10-14T17:00:54+00:00 INFO Running wc_update_340_state callback
2018-10-14T17:00:54+00:00 INFO wc_update_340_state callback needs to run again
2018-10-14T17:00:54+00:00 INFO Running wc_update_340_state callback
2018-10-14T17:00:54+00:00 INFO wc_update_340_state callback needs to run again
2018-10-14T17:00:54+00:00 INFO Running wc_update_340_state callback
2018-10-14T17:00:54+00:00 INFO wc_update_340_state callback needs to run again
2018-10-14T17:00:54+00:00 INFO Running wc_update_340_state callback
2018-10-14T17:00:54+00:00 INFO wc_update_340_state callback needs to run again
2018-10-14T17:00:54+00:00 INFO Running wc_update_340_state callback
2018-10-14T17:00:54+00:00 INFO wc_update_340_state callback needs to run again
2018-10-14T17:00:54+00:00 INFO Running wc_update_340_state callback
2018-10-14T17:00:54+00:00 INFO wc_update_340_state callback needs to run again
2018-10-14T17:00:54+00:00 INFO Running wc_update_340_state callback
2018-10-14T17:00:54+00:00 INFO wc_update_340_state callback needs to run again
2018-10-14T17:00:54+00:00 INFO Running wc_update_340_state callback
2018-10-14T17:00:54+00:00 INFO Finished running wc_update_340_state callback
2018-10-14T17:00:54+00:00 INFO Data update complete
